<?xml version="1.0" encoding="UTF-8"?>
<!-- Generated by org.testng.reporters.JUnitReportReporter -->
<testsuite skipped="0" hostname="IL013472" name="qaclickacademy.AppiumTest" tests="1" failures="0" timestamp="25 Jun 2020 10:59:18 GMT" time="0.008" errors="0">
  <testcase name="AppiumTest1" time="0.008" classname="qaclickacademy.AppiumTest"/>
</testsuite> <!-- qaclickacademy.AppiumTest -->
