<?xml version="1.0" encoding="UTF-8"?>
<!-- Generated by org.testng.reporters.JUnitReportReporter -->
<testsuite skipped="0" hostname="IL013472" name="qaclickacademy.SeleniumTest" tests="1" failures="0" timestamp="25 Jun 2020 10:59:18 GMT" time="0.000" errors="0">
  <testcase name="BrowserAutomation" time="0.000" classname="qaclickacademy.SeleniumTest"/>
</testsuite> <!-- qaclickacademy.SeleniumTest -->
